<?xml version="1.0" encoding="UTF-8"?>
<!-- Generated by org.testng.reporters.JUnitReportReporter -->
<testsuite hostname="DESKTOP-Q15J7MR" failures="0" tests="1" name="TestCases.TestTradeService" time="24.527" errors="0" timestamp="2025-09-12T16:41:47 BDT" skipped="0">
  <testcase classname="TestCases.TestTradeService" name="testTradeService" time="24.527"/>
  <system-out/>
</testsuite> <!-- TestCases.TestTradeService -->
